<?xml version="1.0" encoding="UTF-8"?>
<testsuite hostname="RexdeMacBook-Pro.local" name="org.b3log.solo.processor.ArticleProcessorTestCase" tests="51" failures="0" timestamp="27 Sep 2018 16:02:00 GMT" time="14.794" errors="0">
  <testcase name="init" time="0.501" classname="org.b3log.solo.processor.ArticleProcessorTestCase"/>
  <testcase name="getArchivesArticlesByPage" time="0.28" classname="org.b3log.solo.processor.ArticleProcessorTestCase"/>
  <testcase name="getArticleContent" time="0.051" classname="org.b3log.solo.processor.ArticleProcessorTestCase"/>
  <testcase name="getArticlesByPage" time="0.038" classname="org.b3log.solo.processor.ArticleProcessorTestCase"/>
  <testcase name="getAuthorsArticlesByPage" time="0.035" classname="org.b3log.solo.processor.ArticleProcessorTestCase"/>
  <testcase name="getRandomArticles" time="0.021" classname="org.b3log.solo.processor.ArticleProcessorTestCase"/>
  <testcase name="getRelevantArticles" time="0.023" classname="org.b3log.solo.processor.ArticleProcessorTestCase"/>
  <testcase name="getTagArticlesByPage" time="0.038" classname="org.b3log.solo.processor.ArticleProcessorTestCase"/>
  <testcase name="showArchiveArticles" time="0.392" classname="org.b3log.solo.processor.ArticleProcessorTestCase"/>
  <testcase name="showArticle" time="0.055" classname="org.b3log.solo.processor.ArticleProcessorTestCase"/>
  <testcase name="showArticlePwdForm" time="0.024" classname="org.b3log.solo.processor.ArticleProcessorTestCase"/>
  <testcase name="showAuthorArticles" time="0.058" classname="org.b3log.solo.processor.ArticleProcessorTestCase"/>
  <testcase name="init" time="0.533" classname="org.b3log.solo.processor.BlogProcessorTestCase"/>
  <testcase name="getArticlesTags" time="0.105" classname="org.b3log.solo.processor.BlogProcessorTestCase"/>
  <testcase name="getBlogInfo" time="0.023" classname="org.b3log.solo.processor.BlogProcessorTestCase"/>
  <testcase name="getInterestTags" time="0.061" classname="org.b3log.solo.processor.BlogProcessorTestCase"/>
  <testcase name="init" time="0.55" classname="org.b3log.solo.processor.CaptchaProcessorTestCase"/>
  <testcase name="get" time="2.213" classname="org.b3log.solo.processor.CaptchaProcessorTestCase"/>
  <testcase name="init" time="0.677" classname="org.b3log.solo.processor.CommentProcessorTestCase"/>
  <testcase name="addArticleComment" time="1.163" classname="org.b3log.solo.processor.CommentProcessorTestCase"/>
  <testcase name="addPageComment" time="0.578" classname="org.b3log.solo.processor.CommentProcessorTestCase"/>
  <testcase name="init" time="0.504" classname="org.b3log.solo.processor.ErrorProcessorTestCase"/>
  <testcase name="showErrorPage" time="0.036" classname="org.b3log.solo.processor.ErrorProcessorTestCase"/>
  <testcase name="init" time="0.496" classname="org.b3log.solo.processor.FeedProcessorTestCase"/>
  <testcase name="blogArticlesAtom" time="0.295" classname="org.b3log.solo.processor.FeedProcessorTestCase"/>
  <testcase name="blogArticlesRSS" time="0.063" classname="org.b3log.solo.processor.FeedProcessorTestCase"/>
  <testcase name="tagArticlesAtom" time="0.033" classname="org.b3log.solo.processor.FeedProcessorTestCase"/>
  <testcase name="tagArticlesRSS" time="0.026" classname="org.b3log.solo.processor.FeedProcessorTestCase"/>
  <testcase name="init" time="0.501" classname="org.b3log.solo.processor.IndexProcessorTestCase"/>
  <testcase name="register" time="0.037" classname="org.b3log.solo.processor.IndexProcessorTestCase"/>
  <testcase name="showIndex" time="0.096" classname="org.b3log.solo.processor.IndexProcessorTestCase"/>
  <testcase name="showKillBrowser" time="0.039" classname="org.b3log.solo.processor.IndexProcessorTestCase"/>
  <testcase name="showInit" time="0.027" classname="org.b3log.solo.processor.InitProcessorTestCase"/>
  <testcase name="initSolo" time="0.524" classname="org.b3log.solo.processor.InitProcessorTestCase"/>
  <testcase name="init" time="0.503" classname="org.b3log.solo.processor.LoginProcessorTestCase"/>
  <testcase name="forgot" time="0.051" classname="org.b3log.solo.processor.LoginProcessorTestCase"/>
  <testcase name="login" time="0.026" classname="org.b3log.solo.processor.LoginProcessorTestCase"/>
  <testcase name="logout" time="0.023" classname="org.b3log.solo.processor.LoginProcessorTestCase"/>
  <testcase name="showForgot" time="0.018" classname="org.b3log.solo.processor.LoginProcessorTestCase"/>
  <testcase name="showLogin" time="0.018" classname="org.b3log.solo.processor.LoginProcessorTestCase"/>
  <testcase name="init" time="0.504" classname="org.b3log.solo.processor.PageProcessorTestCase"/>
  <testcase name="showPage" time="0.084" classname="org.b3log.solo.processor.PageProcessorTestCase"/>
  <testcase name="init" time="0.495" classname="org.b3log.solo.processor.SitemapProcessorTestCase"/>
  <testcase name="blogArticlesAtom" time="0.017" classname="org.b3log.solo.processor.SitemapProcessorTestCase"/>
  <testcase name="init" time="0.499" classname="org.b3log.solo.processor.StatProcessorTestCase"/>
  <testcase name="showIndex" time="0.026" classname="org.b3log.solo.processor.StatProcessorTestCase"/>
  <testcase name="init" time="0.498" classname="org.b3log.solo.processor.TagProcessorTestCase"/>
  <testcase name="showTagArticles" time="0.074" classname="org.b3log.solo.processor.TagProcessorTestCase"/>
  <testcase name="init" time="0.516" classname="org.b3log.solo.processor.console.CategoryConsoleTestCase"/>
  <testcase name="addCategory" time="0.138" classname="org.b3log.solo.processor.console.CategoryConsoleTestCase"/>
  <testcase name="updateCategory" time="0.093" classname="org.b3log.solo.processor.console.CategoryConsoleTestCase"/>
</testsuite>
