<?xml version="1.0" encoding="UTF-8"?>
<testsuite hostname="RexdeMacBook-Pro.local" name="org.b3log.solo.repository.impl.ArchiveDateArticleRepositoryImplTestCase" tests="31" failures="0" timestamp="27 Sep 2018 16:01:44 GMT" time="3.727" errors="0">
  <testcase name="add" time="0.107" classname="org.b3log.solo.repository.impl.ArchiveDateArticleRepositoryImplTestCase"/>
  <testcase name="getByArchiveDateId" time="0.004" classname="org.b3log.solo.repository.impl.ArchiveDateArticleRepositoryImplTestCase"/>
  <testcase name="getByArticleId" time="0.002" classname="org.b3log.solo.repository.impl.ArchiveDateArticleRepositoryImplTestCase"/>
  <testcase name="add" time="0.063" classname="org.b3log.solo.repository.impl.ArchiveDateRepositoryImplTestCase"/>
  <testcase name="getByArchiveDate" time="0.001" classname="org.b3log.solo.repository.impl.ArchiveDateRepositoryImplTestCase"/>
  <testcase name="add" time="0.066" classname="org.b3log.solo.repository.impl.ArticleRepositoryImplTestCase"/>
  <testcase name="getByPermalink" time="0.003" classname="org.b3log.solo.repository.impl.ArticleRepositoryImplTestCase"/>
  <testcase name="previousAndNext" time="0.063" classname="org.b3log.solo.repository.impl.ArticleRepositoryImplTestCase"/>
  <testcase name="getMostCommentArticles" time="0.061" classname="org.b3log.solo.repository.impl.ArticleRepositoryImplTestCase"/>
  <testcase name="getMostViewCountArticles" time="0.06" classname="org.b3log.solo.repository.impl.ArticleRepositoryImplTestCase"/>
  <testcase name="getRandomly" time="0.004" classname="org.b3log.solo.repository.impl.ArticleRepositoryImplTestCase"/>
  <testcase name="getRecentArticles" time="0.004" classname="org.b3log.solo.repository.impl.ArticleRepositoryImplTestCase"/>
  <testcase name="isPublished" time="0.004" classname="org.b3log.solo.repository.impl.ArticleRepositoryImplTestCase"/>
  <testcase name="add" time="0.056" classname="org.b3log.solo.repository.impl.PageRepositoryImplTestCase"/>
  <testcase name="getByPermalink" time="0.001" classname="org.b3log.solo.repository.impl.PageRepositoryImplTestCase"/>
  <testcase name="getMaxOrder" time="0.056" classname="org.b3log.solo.repository.impl.PageRepositoryImplTestCase"/>
  <testcase name="getByOrder" time="0.001" classname="org.b3log.solo.repository.impl.PageRepositoryImplTestCase"/>
  <testcase name="getUnderAndUpper" time="0.059" classname="org.b3log.solo.repository.impl.PageRepositoryImplTestCase"/>
  <testcase name="add" time="0.057" classname="org.b3log.solo.repository.impl.TagArticleRepositoryImplTestCase"/>
  <testcase name="getByArticleId" time="0.001" classname="org.b3log.solo.repository.impl.TagArticleRepositoryImplTestCase"/>
  <testcase name="getByTagId" time="0.001" classname="org.b3log.solo.repository.impl.TagArticleRepositoryImplTestCase"/>
  <testcase name="add" time="0.056" classname="org.b3log.solo.repository.impl.TagRepositoryImplTestCase"/>
  <testcase name="getByArticleId" time="0.056" classname="org.b3log.solo.repository.impl.TagRepositoryImplTestCase"/>
  <testcase name="getByTitle" time="0.002" classname="org.b3log.solo.repository.impl.TagRepositoryImplTestCase"/>
  <testcase name="getMostUsedTags" time="0.107" classname="org.b3log.solo.repository.impl.TagRepositoryImplTestCase"/>
  <testcase name="test" time="0.167" classname="org.b3log.solo.repository.impl.CategoryRepositoryImplTestCase"/>
  <testcase name="add" time="0.059" classname="org.b3log.solo.repository.impl.CommentRepositoryImplTestCase"/>
  <testcase name="test" time="0.004" classname="org.b3log.solo.repository.impl.OptionRepositoryImplTestCase"/>
  <testcase name="test" time="0.001" classname="org.b3log.solo.repository.impl.PluginRepositoryImplTestCase"/>
  <testcase name="test" time="0.115" classname="org.b3log.solo.repository.impl.UserRepositoryImplTestCase"/>
  <testcase name="test" time="0.16" classname="org.b3log.solo.repository.impl.LinkRepositoryImplTestCase"/>
</testsuite>
